WARNING: A terminally deprecated method in sun.misc.Unsafe has been called
WARNING: sun.misc.Unsafe::staticFieldBase has been called by com.google.inject.internal.aop.HiddenClassDefiner (file:/C:/Users/penum/.m2/wrapper/dists/apache-maven-3.9.11/03d7e36a140982eea48e22c1dcac01d8862b2550b2939e09a0809bbc5182a5bc/lib/guice-5.1.0-classes.jar)
WARNING: Please consider reporting this to the maintainers of class com.google.inject.internal.aop.HiddenClassDefiner
WARNING: sun.misc.Unsafe::staticFieldBase will be removed in a future release
[INFO] Error stacktraces are turned on.
[INFO] Scanning for projects...
[INFO] 
[INFO] ----------------------< com.weather:weather-web >-----------------------
[INFO] Building Weather Web 0.0.1-SNAPSHOT
[INFO]   from pom.xml
[INFO] --------------------------------[ jar ]---------------------------------
[INFO] 
[INFO] --- clean:3.4.0:clean (default-clean) @ weather-web ---
[INFO] Deleting D:\5THSEMISTER\INT331\weather-web\target
[INFO] 
[INFO] --- resources:3.3.1:resources (default-resources) @ weather-web ---
[INFO] Copying 1 resource from src\main\resources to target\classes
[INFO] Copying 8 resources from src\main\resources to target\classes
[INFO] 
[INFO] --- compiler:3.13.0:compile (default-compile) @ weather-web ---
[INFO] Recompiling the module because of changed source code.
[INFO] Compiling 6 source files with javac [debug parameters release 21] to target\classes
[INFO] -------------------------------------------------------------
[ERROR] COMPILATION ERROR : 
[INFO] -------------------------------------------------------------
[ERROR] /D:/5THSEMISTER/INT331/weather-web/src/main/java/com/weather/WeatherController.java:[33,9] cannot find symbol
  symbol:   variable log
  location: class com.weather.WeatherController
[ERROR] /D:/5THSEMISTER/INT331/weather-web/src/main/java/com/weather/WeatherController.java:[43,13] cannot find symbol
  symbol:   variable log
  location: class com.weather.WeatherController
[ERROR] /D:/5THSEMISTER/INT331/weather-web/src/main/java/com/weather/WeatherController.java:[53,9] cannot find symbol
  symbol:   variable log
  location: class com.weather.WeatherController
[ERROR] /D:/5THSEMISTER/INT331/weather-web/src/main/java/com/weather/WeatherService.java:[62,17] cannot find symbol
  symbol:   method setCity(java.lang.String)
  location: variable data of type com.weather.WeatherData
[ERROR] /D:/5THSEMISTER/INT331/weather-web/src/main/java/com/weather/WeatherService.java:[63,17] cannot find symbol
  symbol:   method setCountry(java.lang.String)
  location: variable data of type com.weather.WeatherData
[ERROR] /D:/5THSEMISTER/INT331/weather-web/src/main/java/com/weather/WeatherService.java:[64,17] cannot find symbol
  symbol:   method setTemp(double)
  location: variable data of type com.weather.WeatherData
[ERROR] /D:/5THSEMISTER/INT331/weather-web/src/main/java/com/weather/WeatherService.java:[65,17] cannot find symbol
  symbol:   method setFeelsLike(double)
  location: variable data of type com.weather.WeatherData
[ERROR] /D:/5THSEMISTER/INT331/weather-web/src/main/java/com/weather/WeatherService.java:[66,17] cannot find symbol
  symbol:   method setHumidity(int)
  location: variable data of type com.weather.WeatherData
[ERROR] /D:/5THSEMISTER/INT331/weather-web/src/main/java/com/weather/WeatherService.java:[67,17] cannot find symbol
  symbol:   method setCondition(java.lang.String)
  location: variable data of type com.weather.WeatherData
[ERROR] /D:/5THSEMISTER/INT331/weather-web/src/main/java/com/weather/WeatherService.java:[68,17] cannot find symbol
  symbol:   method setWindSpeed(double)
  location: variable data of type com.weather.WeatherData
[ERROR] /D:/5THSEMISTER/INT331/weather-web/src/main/java/com/weather/WeatherService.java:[112,34] constructor WeatherForecast in class com.weather.WeatherForecast cannot be applied to given types;
  required: no arguments
  found:    java.lang.String,double,java.lang.String
  reason: actual and formal argument lists differ in length
[INFO] 11 errors 
[INFO] -------------------------------------------------------------
[INFO] ------------------------------------------------------------------------
[INFO] BUILD FAILURE
[INFO] ------------------------------------------------------------------------
[INFO] Total time:  3.322 s
[INFO] Finished at: 2025-12-24T13:31:12+05:30
[INFO] ------------------------------------------------------------------------
[ERROR] Failed to execute goal org.apache.maven.plugins:maven-compiler-plugin:3.13.0:compile (default-compile) on project weather-web: Compilation failure: Compilation failure: 
[ERROR] /D:/5THSEMISTER/INT331/weather-web/src/main/java/com/weather/WeatherController.java:[33,9] cannot find symbol
[ERROR]   symbol:   variable log
[ERROR]   location: class com.weather.WeatherController
[ERROR] /D:/5THSEMISTER/INT331/weather-web/src/main/java/com/weather/WeatherController.java:[43,13] cannot find symbol
[ERROR]   symbol:   variable log
[ERROR]   location: class com.weather.WeatherController
[ERROR] /D:/5THSEMISTER/INT331/weather-web/src/main/java/com/weather/WeatherController.java:[53,9] cannot find symbol
[ERROR]   symbol:   variable log
[ERROR]   location: class com.weather.WeatherController
[ERROR] /D:/5THSEMISTER/INT331/weather-web/src/main/java/com/weather/WeatherService.java:[62,17] cannot find symbol
[ERROR]   symbol:   method setCity(java.lang.String)
[ERROR]   location: variable data of type com.weather.WeatherData
[ERROR] /D:/5THSEMISTER/INT331/weather-web/src/main/java/com/weather/WeatherService.java:[63,17] cannot find symbol
[ERROR]   symbol:   method setCountry(java.lang.String)
[ERROR]   location: variable data of type com.weather.WeatherData
[ERROR] /D:/5THSEMISTER/INT331/weather-web/src/main/java/com/weather/WeatherService.java:[64,17] cannot find symbol
[ERROR]   symbol:   method setTemp(double)
[ERROR]   location: variable data of type com.weather.WeatherData
[ERROR] /D:/5THSEMISTER/INT331/weather-web/src/main/java/com/weather/WeatherService.java:[65,17] cannot find symbol
[ERROR]   symbol:   method setFeelsLike(double)
[ERROR]   location: variable data of type com.weather.WeatherData
[ERROR] /D:/5THSEMISTER/INT331/weather-web/src/main/java/com/weather/WeatherService.java:[66,17] cannot find symbol
[ERROR]   symbol:   method setHumidity(int)
[ERROR]   location: variable data of type com.weather.WeatherData
[ERROR] /D:/5THSEMISTER/INT331/weather-web/src/main/java/com/weather/WeatherService.java:[67,17] cannot find symbol
[ERROR]   symbol:   method setCondition(java.lang.String)
[ERROR]   location: variable data of type com.weather.WeatherData
[ERROR] /D:/5THSEMISTER/INT331/weather-web/src/main/java/com/weather/WeatherService.java:[68,17] cannot find symbol
[ERROR]   symbol:   method setWindSpeed(double)
[ERROR]   location: variable data of type com.weather.WeatherData
[ERROR] /D:/5THSEMISTER/INT331/weather-web/src/main/java/com/weather/WeatherService.java:[112,34] constructor WeatherForecast in class com.weather.WeatherForecast cannot be applied to given types;
[ERROR]   required: no arguments
[ERROR]   found:    java.lang.String,double,java.lang.String
[ERROR]   reason: actual and formal argument lists differ in length
[ERROR] -> [Help 1]
org.apache.maven.lifecycle.LifecycleExecutionException: Failed to execute goal org.apache.maven.plugins:maven-compiler-plugin:3.13.0:compile (default-compile) on project weather-web: Compilation failure
    at org.apache.maven.lifecycle.internal.MojoExecutor.doExecute2 (MojoExecutor.java:333)
    at org.apache.maven.lifecycle.internal.MojoExecutor.doExecute (MojoExecutor.java:316)
    at org.apache.maven.lifecycle.internal.MojoExecutor.execute (MojoExecutor.java:212)
    at org.apache.maven.lifecycle.internal.MojoExecutor.execute (MojoExecutor.java:174)
    at org.apache.maven.lifecycle.internal.MojoExecutor.access$000 (MojoExecutor.java:75)
    at org.apache.maven.lifecycle.internal.MojoExecutor$1.run (MojoExecutor.java:162)
    at org.apache.maven.plugin.DefaultMojosExecutionStrategy.execute (DefaultMojosExecutionStrategy.java:39)
    at org.apache.maven.lifecycle.internal.MojoExecutor.execute (MojoExecutor.java:159)
    at org.apache.maven.lifecycle.internal.LifecycleModuleBuilder.buildProject (LifecycleModuleBuilder.java:105)
    at org.apache.maven.lifecycle.internal.LifecycleModuleBuilder.buildProject (LifecycleModuleBuilder.java:73)
    at org.apache.maven.lifecycle.internal.builder.singlethreaded.SingleThreadedBuilder.build (SingleThreadedBuilder.java:53)
    at org.apache.maven.lifecycle.internal.LifecycleStarter.execute (LifecycleStarter.java:118)
    at org.apache.maven.DefaultMaven.doExecute (DefaultMaven.java:261)
    at org.apache.maven.DefaultMaven.doExecute (DefaultMaven.java:173)
    at org.apache.maven.DefaultMaven.execute (DefaultMaven.java:101)
    at org.apache.maven.cli.MavenCli.execute (MavenCli.java:906)
    at org.apache.maven.cli.MavenCli.doMain (MavenCli.java:283)
    at org.apache.maven.cli.MavenCli.main (MavenCli.java:206)
    at jdk.internal.reflect.DirectMethodHandleAccessor.invoke (DirectMethodHandleAccessor.java:104)
    at java.lang.reflect.Method.invoke (Method.java:565)
    at org.codehaus.plexus.classworlds.launcher.Launcher.launchEnhanced (Launcher.java:255)
    at org.codehaus.plexus.classworlds.launcher.Launcher.launch (Launcher.java:201)
    at org.codehaus.plexus.classworlds.launcher.Launcher.mainWithExitCode (Launcher.java:361)
    at org.codehaus.plexus.classworlds.launcher.Launcher.main (Launcher.java:314)
Caused by: org.apache.maven.plugin.compiler.CompilationFailureException: Compilation failure
    at org.apache.maven.plugin.compiler.AbstractCompilerMojo.execute (AbstractCompilerMojo.java:1309)
    at org.apache.maven.plugin.compiler.CompilerMojo.execute (CompilerMojo.java:215)
    at org.apache.maven.plugin.DefaultBuildPluginManager.executeMojo (DefaultBuildPluginManager.java:126)
    at org.apache.maven.lifecycle.internal.MojoExecutor.doExecute2 (MojoExecutor.java:328)
    at org.apache.maven.lifecycle.internal.MojoExecutor.doExecute (MojoExecutor.java:316)
    at org.apache.maven.lifecycle.internal.MojoExecutor.execute (MojoExecutor.java:212)
    at org.apache.maven.lifecycle.internal.MojoExecutor.execute (MojoExecutor.java:174)
    at org.apache.maven.lifecycle.internal.MojoExecutor.access$000 (MojoExecutor.java:75)
    at org.apache.maven.lifecycle.internal.MojoExecutor$1.run (MojoExecutor.java:162)
    at org.apache.maven.plugin.DefaultMojosExecutionStrategy.execute (DefaultMojosExecutionStrategy.java:39)
    at org.apache.maven.lifecycle.internal.MojoExecutor.execute (MojoExecutor.java:159)
    at org.apache.maven.lifecycle.internal.LifecycleModuleBuilder.buildProject (LifecycleModuleBuilder.java:105)
    at org.apache.maven.lifecycle.internal.LifecycleModuleBuilder.buildProject (LifecycleModuleBuilder.java:73)
    at org.apache.maven.lifecycle.internal.builder.singlethreaded.SingleThreadedBuilder.build (SingleThreadedBuilder.java:53)
    at org.apache.maven.lifecycle.internal.LifecycleStarter.execute (LifecycleStarter.java:118)
    at org.apache.maven.DefaultMaven.doExecute (DefaultMaven.java:261)
    at org.apache.maven.DefaultMaven.doExecute (DefaultMaven.java:173)
    at org.apache.maven.DefaultMaven.execute (DefaultMaven.java:101)
    at org.apache.maven.cli.MavenCli.execute (MavenCli.java:906)
    at org.apache.maven.cli.MavenCli.doMain (MavenCli.java:283)
    at org.apache.maven.cli.MavenCli.main (MavenCli.java:206)
    at jdk.internal.reflect.DirectMethodHandleAccessor.invoke (DirectMethodHandleAccessor.java:104)
    at java.lang.reflect.Method.invoke (Method.java:565)
    at org.codehaus.plexus.classworlds.launcher.Launcher.launchEnhanced (Launcher.java:255)
    at org.codehaus.plexus.classworlds.launcher.Launcher.launch (Launcher.java:201)
    at org.codehaus.plexus.classworlds.launcher.Launcher.mainWithExitCode (Launcher.java:361)
    at org.codehaus.plexus.classworlds.launcher.Launcher.main (Launcher.java:314)
[ERROR] 
[ERROR] Re-run Maven using the -X switch to enable full debug logging.
[ERROR] 
[ERROR] For more information about the errors and possible solutions, please read the following articles:
[ERROR] [Help 1] http://cwiki.apache.org/confluence/display/MAVEN/MojoFailureException
